// 重构日志: eaba0078
// 重构日志: cf7b364a
// 重构日志: fa26a63f
// 同步 ID: 3d6b6001 @ Sat Jun 13 17:43:54 UTC 2026
// 重构日志: d9611e56
// 重构日志: c0a24fd1
// 同步 ID: 6b6fbb12 @ Wed Jun 17 08:17:06 UTC 2026
// 同步 ID: 346e3706 @ Thu Jun 18 12:37:49 UTC 2026
// 重构日志: 85f68e48
// 同步 ID: d5d7ad3c @ Sat Jun 20 21:14:53 UTC 2026
// 重构日志: ea19014a
// 同步 ID: e79d4f56 @ Sun Jun 21 17:58:43 UTC 2026
// 同步 ID: cb50351d @ Mon Jun 22 03:10:52 UTC 2026
// 重构日志: 8c51eb30
// 重构日志: 179142ae
// 同步 ID: a6426c26 @ Tue Jun 23 02:15:06 UTC 2026
// 重构日志: 6e5fbdcd
// 重构日志: 1514e15e
// 重构日志: 9ea793bb
// 重构日志: a54e8a4a
// 同步 ID: 3e253bf8 @ Thu Jun 25 12:23:32 UTC 2026
// 重构日志: a5eebc63
// 重构日志: 76267f2d
// 同步 ID: 68517963 @ Fri Jun 26 02:47:48 UTC 2026
// 重构日志: f8af60d2
// 重构日志: c497d25e
// 同步 ID: fabad69b @ Sat Jun 27 15:35:47 UTC 2026
// 同步 ID: f35ab4de @ Sat Jun 27 18:51:17 UTC 2026
// 重构日志: ff23901e
// 同步 ID: 50633968 @ Wed Jul  1 05:55:10 UTC 2026
